2020-01-25 13:22:31,688  INFO [main] eBanking:23 - URL Launched
2020-01-25 13:22:31,872  INFO [main] eBanking:28 - Entered User Name
2020-01-25 13:22:32,007  INFO [main] eBanking:31 - Entered Password
2020-01-25 13:22:35,502  INFO [main] eBanking:36 - Login form submitted
2020-01-25 13:22:41,903  INFO [main] eBanking:50 - Logout the Page
2020-01-25 13:22:42,481  INFO [main] eBanking:23 - URL Launched
2020-01-25 13:22:42,560  INFO [main] eBanking:28 - Entered User Name
2020-01-25 13:22:42,617  INFO [main] eBanking:31 - Entered Password
2020-01-25 13:22:45,852  INFO [main] eBanking:36 - Login form submitted
2020-01-25 13:22:50,575 DEBUG [main] cache:45 - Couldn't find template in cache for "index.ftl"("en", UTF-8, parsed); will try to load it.
2020-01-25 13:22:50,581 DEBUG [main] cache:45 - TemplateLoader.findTemplateSource("index_en.ftl"): Not found
2020-01-25 13:22:50,594 DEBUG [main] cache:45 - TemplateLoader.findTemplateSource("index.ftl"): Found
2020-01-25 13:22:50,596 DEBUG [main] cache:45 - Loading template for "index.ftl"("en", UTF-8, parsed) from "jar:file:/C:/Users/csvel/.m2/repository/com/aventstack/extentreports/3.1.5/extentreports-3.1.5.jar!/com/aventstack/extentreports/view/html-report/index.ftl"
2020-01-25 13:22:51,732 DEBUG [main] cache:45 - Couldn't find template in cache for "head.ftl"("en", UTF-8, parsed); will try to load it.
2020-01-25 13:22:51,735 DEBUG [main] cache:45 - TemplateLoader.findTemplateSource("head_en.ftl"): Not found
2020-01-25 13:22:51,737 DEBUG [main] cache:45 - TemplateLoader.findTemplateSource("head.ftl"): Found
2020-01-25 13:22:51,742 DEBUG [main] cache:45 - Loading template for "head.ftl"("en", UTF-8, parsed) from "jar:file:/C:/Users/csvel/.m2/repository/com/aventstack/extentreports/3.1.5/extentreports-3.1.5.jar!/com/aventstack/extentreports/view/html-report/head.ftl"
2020-01-25 13:22:51,758 DEBUG [main] cache:45 - Couldn't find template in cache for "nav.ftl"("en", UTF-8, parsed); will try to load it.
2020-01-25 13:22:51,760 DEBUG [main] cache:45 - TemplateLoader.findTemplateSource("nav_en.ftl"): Not found
2020-01-25 13:22:51,763 DEBUG [main] cache:45 - TemplateLoader.findTemplateSource("nav.ftl"): Found
2020-01-25 13:22:51,764 DEBUG [main] cache:45 - Loading template for "nav.ftl"("en", UTF-8, parsed) from "jar:file:/C:/Users/csvel/.m2/repository/com/aventstack/extentreports/3.1.5/extentreports-3.1.5.jar!/com/aventstack/extentreports/view/html-report/nav.ftl"
2020-01-25 13:22:51,800 DEBUG [main] cache:45 - Couldn't find template in cache for "test-view/test-view.ftl"("en", UTF-8, parsed); will try to load it.
2020-01-25 13:22:51,802 DEBUG [main] cache:45 - TemplateLoader.findTemplateSource("test-view/test-view_en.ftl"): Not found
2020-01-25 13:22:51,804 DEBUG [main] cache:45 - TemplateLoader.findTemplateSource("test-view/test-view.ftl"): Found
2020-01-25 13:22:51,806 DEBUG [main] cache:45 - Loading template for "test-view/test-view.ftl"("en", UTF-8, parsed) from "jar:file:/C:/Users/csvel/.m2/repository/com/aventstack/extentreports/3.1.5/extentreports-3.1.5.jar!/com/aventstack/extentreports/view/html-report/test-view/test-view.ftl"
2020-01-25 13:22:51,845 DEBUG [main] cache:45 - Couldn't find template in cache for "test-view/test-view-charts.ftl"("en", UTF-8, parsed); will try to load it.
2020-01-25 13:22:51,848 DEBUG [main] cache:45 - TemplateLoader.findTemplateSource("test-view/test-view-charts_en.ftl"): Not found
2020-01-25 13:22:51,850 DEBUG [main] cache:45 - TemplateLoader.findTemplateSource("test-view/test-view-charts.ftl"): Found
2020-01-25 13:22:51,851 DEBUG [main] cache:45 - Loading template for "test-view/test-view-charts.ftl"("en", UTF-8, parsed) from "jar:file:/C:/Users/csvel/.m2/repository/com/aventstack/extentreports/3.1.5/extentreports-3.1.5.jar!/com/aventstack/extentreports/view/html-report/test-view/test-view-charts.ftl"
2020-01-25 13:22:51,911 DEBUG [main] cache:45 - Couldn't find template in cache for "test-view/standard.ftl"("en", UTF-8, parsed); will try to load it.
2020-01-25 13:22:51,914 DEBUG [main] cache:45 - TemplateLoader.findTemplateSource("test-view/standard_en.ftl"): Not found
2020-01-25 13:22:51,917 DEBUG [main] cache:45 - TemplateLoader.findTemplateSource("test-view/standard.ftl"): Found
2020-01-25 13:22:51,918 DEBUG [main] cache:45 - Loading template for "test-view/standard.ftl"("en", UTF-8, parsed) from "jar:file:/C:/Users/csvel/.m2/repository/com/aventstack/extentreports/3.1.5/extentreports-3.1.5.jar!/com/aventstack/extentreports/view/html-report/test-view/standard.ftl"
2020-01-25 13:22:52,003 DEBUG [main] cache:45 - "test-view/standard.ftl"("en", UTF-8, parsed) cached copy not yet stale; using cached.
2020-01-25 13:22:52,009 DEBUG [main] cache:45 - Couldn't find template in cache for "category-view/category-view.ftl"("en", UTF-8, parsed); will try to load it.
2020-01-25 13:22:52,011 DEBUG [main] cache:45 - TemplateLoader.findTemplateSource("category-view/category-view_en.ftl"): Not found
2020-01-25 13:22:52,014 DEBUG [main] cache:45 - TemplateLoader.findTemplateSource("category-view/category-view.ftl"): Found
2020-01-25 13:22:52,015 DEBUG [main] cache:45 - Loading template for "category-view/category-view.ftl"("en", UTF-8, parsed) from "jar:file:/C:/Users/csvel/.m2/repository/com/aventstack/extentreports/3.1.5/extentreports-3.1.5.jar!/com/aventstack/extentreports/view/html-report/category-view/category-view.ftl"
2020-01-25 13:22:52,044 DEBUG [main] cache:45 - Couldn't find template in cache for "author-view/author-view.ftl"("en", UTF-8, parsed); will try to load it.
2020-01-25 13:22:52,047 DEBUG [main] cache:45 - TemplateLoader.findTemplateSource("author-view/author-view_en.ftl"): Not found
2020-01-25 13:22:52,051 DEBUG [main] cache:45 - TemplateLoader.findTemplateSource("author-view/author-view.ftl"): Found
2020-01-25 13:22:52,053 DEBUG [main] cache:45 - Loading template for "author-view/author-view.ftl"("en", UTF-8, parsed) from "jar:file:/C:/Users/csvel/.m2/repository/com/aventstack/extentreports/3.1.5/extentreports-3.1.5.jar!/com/aventstack/extentreports/view/html-report/author-view/author-view.ftl"
2020-01-25 13:22:52,081 DEBUG [main] cache:45 - Couldn't find template in cache for "exception-view/exception-view.ftl"("en", UTF-8, parsed); will try to load it.
2020-01-25 13:22:52,085 DEBUG [main] cache:45 - TemplateLoader.findTemplateSource("exception-view/exception-view_en.ftl"): Not found
2020-01-25 13:22:52,088 DEBUG [main] cache:45 - TemplateLoader.findTemplateSource("exception-view/exception-view.ftl"): Found
2020-01-25 13:22:52,091 DEBUG [main] cache:45 - Loading template for "exception-view/exception-view.ftl"("en", UTF-8, parsed) from "jar:file:/C:/Users/csvel/.m2/repository/com/aventstack/extentreports/3.1.5/extentreports-3.1.5.jar!/com/aventstack/extentreports/view/html-report/exception-view/exception-view.ftl"
2020-01-25 13:22:52,152 DEBUG [main] cache:45 - Couldn't find template in cache for "dashboard-view/dashboard-view.ftl"("en", UTF-8, parsed); will try to load it.
2020-01-25 13:22:52,155 DEBUG [main] cache:45 - TemplateLoader.findTemplateSource("dashboard-view/dashboard-view_en.ftl"): Not found
2020-01-25 13:22:52,159 DEBUG [main] cache:45 - TemplateLoader.findTemplateSource("dashboard-view/dashboard-view.ftl"): Found
2020-01-25 13:22:52,161 DEBUG [main] cache:45 - Loading template for "dashboard-view/dashboard-view.ftl"("en", UTF-8, parsed) from "jar:file:/C:/Users/csvel/.m2/repository/com/aventstack/extentreports/3.1.5/extentreports-3.1.5.jar!/com/aventstack/extentreports/view/html-report/dashboard-view/dashboard-view.ftl"
2020-01-25 13:22:52,214 DEBUG [main] cache:45 - Couldn't find template in cache for "logs-view/testrunner-logs-view.ftl"("en", UTF-8, parsed); will try to load it.
2020-01-25 13:22:52,217 DEBUG [main] cache:45 - TemplateLoader.findTemplateSource("logs-view/testrunner-logs-view_en.ftl"): Not found
2020-01-25 13:22:52,221 DEBUG [main] cache:45 - TemplateLoader.findTemplateSource("logs-view/testrunner-logs-view.ftl"): Found
2020-01-25 13:22:52,223 DEBUG [main] cache:45 - Loading template for "logs-view/testrunner-logs-view.ftl"("en", UTF-8, parsed) from "jar:file:/C:/Users/csvel/.m2/repository/com/aventstack/extentreports/3.1.5/extentreports-3.1.5.jar!/com/aventstack/extentreports/view/html-report/logs-view/testrunner-logs-view.ftl"
